#! /usr/bin/vvp
:ivl_version "0.9.7 " "(v0_9_7)";
:vpi_time_precision - 9;
:vpi_module "system";
:vpi_module "v2005_math";
:vpi_module "va_math";
S_0x853360 .scope module, "seq_mult_tb" "seq_mult_tb" 2 11;
 .timescale -9 -9;
v0x892a00_0 .net/s *"_s0", 15 0, L_0x893470; 1 drivers
v0x892ac0_0 .net/s *"_s2", 15 0, L_0x893540; 1 drivers
v0x892b60_0 .var/s "a", 7 0;
v0x892c10_0 .net/s "ans", 15 0, L_0x893630; 1 drivers
v0x892cc0_0 .var/s "b", 7 0;
v0x892d70_0 .var "clk", 0 0;
v0x892df0_0 .var/i "err", 31 0;
v0x892e70_0 .var/i "fp", 31 0;
v0x892ef0_0 .var/i "i", 31 0;
v0x892f70_0 .var/i "numtests", 31 0;
v0x893070_0 .net/s "p", 15 0, v0x892440_0; 1 drivers
v0x893120_0 .net "rdy", 0 0, v0x8924e0_0; 1 drivers
v0x893240_0 .var "reset", 0 0;
v0x8932f0_0 .var/i "s", 31 0;
v0x8933f0_0 .var/i "total", 31 0;
L_0x893470 .extend/s 16, v0x892b60_0;
L_0x893540 .extend/s 16, v0x892cc0_0;
L_0x893630 .arith/mult 16, L_0x893470, L_0x893540;
S_0x892770 .scope task, "apply_and_check" "apply_and_check" 2 37, 2 37, S_0x853360;
 .timescale -9 -9;
v0x8928a0_0 .var "ain", 7 0;
v0x892960_0 .var "bin", 7 0;
E_0x892290 .event posedge, v0x892170_0;
TD_seq_mult_tb.apply_and_check ;
    %load/v 8, v0x8928a0_0, 8;
    %set/v v0x892b60_0, 8, 8;
    %load/v 8, v0x892960_0, 8;
    %set/v v0x892cc0_0, 8, 8;
    %set/v v0x893240_0, 1, 1;
    %wait E_0x892290;
    %delay 1, 0;
    %set/v v0x893240_0, 0, 1;
T_0.0 ;
    %load/v 8, v0x893120_0, 1;
    %mov 9, 0, 1;
    %cmpi/u 8, 0, 2;
    %jmp/0xz T_0.1, 4;
    %wait E_0x892290;
    %jmp T_0.0;
T_0.1 ;
    %load/v 8, v0x893070_0, 16;
    %load/v 24, v0x892c10_0, 16;
    %cmp/u 8, 24, 16;
    %jmp/0xz  T_0.2, 4;
    %vpi_call 2 55 "$display", $time, " Passed %d * %d = %d", v0x892b60_0, v0x892cc0_0, v0x893070_0;
    %jmp T_0.3;
T_0.2 ;
    %vpi_call 2 57 "$display", $time, " Fail %d * %d: %d instead of %d", v0x892b60_0, v0x892cc0_0, v0x893070_0, v0x892c10_0;
    %load/v 8, v0x892df0_0, 32;
    %mov 40, 39, 1;
    %addi 8, 1, 33;
    %set/v v0x892df0_0, 8, 32;
T_0.3 ;
    %load/v 8, v0x8933f0_0, 32;
    %mov 40, 39, 1;
    %addi 8, 1, 33;
    %set/v v0x8933f0_0, 8, 32;
    %end;
S_0x83e690 .scope module, "dut" "seq_mult" 2 26, 3 25, S_0x853360;
 .timescale 0 0;
v0x83e780_0 .net "a", 7 0, v0x892b60_0; 1 drivers
v0x8920d0_0 .net "b", 7 0, v0x892cc0_0; 1 drivers
v0x892170_0 .net "clk", 0 0, v0x892d70_0; 1 drivers
v0x892210_0 .var "ctr", 4 0;
v0x8922c0_0 .var "multiplicand", 15 0;
v0x892360_0 .var "multiplier", 15 0;
v0x892440_0 .var "p", 15 0;
v0x8924e0_0 .var "rdy", 0 0;
v0x8925d0_0 .net "reset", 0 0, v0x893240_0; 1 drivers
v0x892670_0 .var "sign", 0 0;
E_0x853590 .event posedge, v0x8925d0_0, v0x892170_0;
    .scope S_0x83e690;
T_1 ;
    %set/v v0x892670_0, 1, 1;
    %end;
    .thread T_1;
    .scope S_0x83e690;
T_2 ;
    %wait E_0x853590;
    %load/v 8, v0x8925d0_0, 1;
    %jmp/0xz  T_2.0, 8;
    %ix/load 0, 1, 0;
    %assign/v0 v0x8924e0_0, 0, 0;
    %ix/load 0, 16, 0;
    %assign/v0 v0x892440_0, 0, 0;
    %ix/load 0, 5, 0;
    %assign/v0 v0x892210_0, 0, 0;
    %load/v 8, v0x83e780_0, 8;
    %ix/load 1, 7, 0;
    %mov 4, 0, 1;
    %jmp/1 T_2.2, 4;
    %load/x1p 32, v0x83e780_0, 1;
    %jmp T_2.3;
T_2.2 ;
    %mov 32, 2, 1;
T_2.3 ;
    %mov 24, 32, 1; Move signal select into place
    %mov 31, 24, 1; Repetition 8
    %mov 30, 24, 1; Repetition 7
    %mov 29, 24, 1; Repetition 6
    %mov 28, 24, 1; Repetition 5
    %mov 27, 24, 1; Repetition 4
    %mov 26, 24, 1; Repetition 3
    %mov 25, 24, 1; Repetition 2
    %mov 16, 24, 8;
    %ix/load 0, 16, 0;
    %assign/v0 v0x892360_0, 0, 8;
    %load/v 8, v0x8920d0_0, 8;
    %ix/load 1, 7, 0;
    %mov 4, 0, 1;
    %jmp/1 T_2.4, 4;
    %load/x1p 32, v0x8920d0_0, 1;
    %jmp T_2.5;
T_2.4 ;
    %mov 32, 2, 1;
T_2.5 ;
    %mov 24, 32, 1; Move signal select into place
    %mov 31, 24, 1; Repetition 8
    %mov 30, 24, 1; Repetition 7
    %mov 29, 24, 1; Repetition 6
    %mov 28, 24, 1; Repetition 5
    %mov 27, 24, 1; Repetition 4
    %mov 26, 24, 1; Repetition 3
    %mov 25, 24, 1; Repetition 2
    %mov 16, 24, 8;
    %ix/load 0, 16, 0;
    %assign/v0 v0x8922c0_0, 0, 8;
    %jmp T_2.1;
T_2.0 ;
    %load/v 8, v0x892210_0, 5;
    %mov 13, 0, 1;
   %cmpi/u 8, 8, 6;
    %jmp/0xz  T_2.6, 5;
    %ix/load 1, 7, 0;
    %mov 4, 0, 1;
    %jmp/1 T_2.8, 4;
    %load/x1p 8, v0x8920d0_0, 1;
    %jmp T_2.9;
T_2.8 ;
    %mov 8, 2, 1;
T_2.9 ;
; Save base=8 wid=1 in lookaside.
    %ix/load 1, 7, 0;
    %mov 4, 0, 1;
    %jmp/1 T_2.10, 4;
    %load/x1p 9, v0x83e780_0, 1;
    %jmp T_2.11;
T_2.10 ;
    %mov 9, 2, 1;
T_2.11 ;
; Save base=9 wid=1 in lookaside.
    %inv 9, 1;
    %mul 8, 9, 1;
    %ix/load 1, 7, 0;
    %mov 4, 0, 1;
    %jmp/1 T_2.12, 4;
    %load/x1p 9, v0x83e780_0, 1;
    %jmp T_2.13;
T_2.12 ;
    %mov 9, 2, 1;
T_2.13 ;
; Save base=9 wid=1 in lookaside.
    %ix/load 1, 7, 0;
    %mov 4, 0, 1;
    %jmp/1 T_2.14, 4;
    %load/x1p 10, v0x8920d0_0, 1;
    %jmp T_2.15;
T_2.14 ;
    %mov 10, 2, 1;
T_2.15 ;
; Save base=10 wid=1 in lookaside.
    %inv 10, 1;
    %mul 9, 10, 1;
    %add 8, 9, 1;
    %set/v v0x892670_0, 8, 1;
    %ix/getv 1, v0x892210_0;
    %jmp/1 T_2.16, 4;
    %load/x1p 10, v0x892360_0, 1;
    %jmp T_2.17;
T_2.16 ;
    %mov 10, 2, 1;
T_2.17 ;
    %mov 8, 10, 1; Move signal select into place
    %mov 9, 0, 1;
    %cmpi/u 8, 0, 2;
    %jmp/0xz  T_2.18, 4;
    %load/v 8, v0x892440_0, 16;
    %mov 24, 0, 16;
    %set/v v0x892440_0, 8, 16;
    %jmp T_2.19;
T_2.18 ;
    %load/v 8, v0x8920d0_0, 8;
    %load/v 24, v0x892670_0, 1;
    %mov 31, 24, 1; Repetition 8
    %mov 30, 24, 1; Repetition 7
    %mov 29, 24, 1; Repetition 6
    %mov 28, 24, 1; Repetition 5
    %mov 27, 24, 1; Repetition 4
    %mov 26, 24, 1; Repetition 3
    %mov 25, 24, 1; Repetition 2
    %mov 16, 24, 8;
    %set/v v0x8922c0_0, 8, 16;
    %load/v 8, v0x8922c0_0, 16;
    %load/v 24, v0x892210_0, 5;
    %ix/get 0, 24, 5;
    %shiftl/i0  8, 16;
    %set/v v0x8922c0_0, 8, 16;
    %load/v 8, v0x892440_0, 16;
    %load/v 24, v0x8922c0_0, 16;
    %add 8, 24, 16;
    %set/v v0x892440_0, 8, 16;
T_2.19 ;
    %load/v 8, v0x892210_0, 5;
    %mov 13, 0, 27;
    %addi 8, 1, 32;
    %set/v v0x892210_0, 8, 5;
    %jmp T_2.7;
T_2.6 ;
    %ix/load 0, 1, 0;
    %assign/v0 v0x8924e0_0, 0, 1;
T_2.7 ;
T_2.1 ;
    %jmp T_2;
    .thread T_2;
    .scope S_0x853360;
T_3 ;
    %delay 5, 0;
    %load/v 8, v0x892d70_0, 1;
    %inv 8, 1;
    %set/v v0x892d70_0, 8, 1;
    %jmp T_3;
    .thread T_3;
    .scope S_0x853360;
T_4 ;
    %set/v v0x892d70_0, 1, 1;
    %set/v v0x8933f0_0, 0, 32;
    %set/v v0x892df0_0, 0, 32;
    %vpi_func 2 73 "$fopen", 8, 32, "test_in.dat", "r";
    %set/v v0x892e70_0, 8, 32;
    %vpi_func 2 74 "$fscanf", 8, 32, v0x892e70_0, "%d\012", v0x892f70_0;
    %set/v v0x8932f0_0, 8, 32;
    %set/v v0x892ef0_0, 0, 32;
T_4.0 ;
    %load/v 8, v0x892ef0_0, 32;
    %load/v 40, v0x892f70_0, 32;
    %cmp/s 8, 40, 32;
    %jmp/0xz T_4.1, 5;
    %vpi_func 2 77 "$fscanf", 8, 32, v0x892e70_0, "%d %d\012", v0x892b60_0, v0x892cc0_0;
    %set/v v0x8932f0_0, 8, 32;
    %load/v 8, v0x892b60_0, 8;
    %set/v v0x8928a0_0, 8, 8;
    %load/v 8, v0x892cc0_0, 8;
    %set/v v0x892960_0, 8, 8;
    %fork TD_seq_mult_tb.apply_and_check, S_0x892770;
    %join;
    %ix/load 0, 1, 0;
    %load/vp0/s 8, v0x892ef0_0, 32;
    %set/v v0x892ef0_0, 8, 32;
    %jmp T_4.0;
T_4.1 ;
    %load/v 8, v0x892df0_0, 32;
    %cmp/s 0, 8, 32;
    %jmp/0xz  T_4.2, 5;
    %vpi_call 2 95 "$display", "FAIL %d out of %d", v0x892df0_0, v0x8933f0_0;
    %jmp T_4.3;
T_4.2 ;
    %vpi_call 2 97 "$display", "PASS %d tests", v0x8933f0_0;
T_4.3 ;
    %vpi_call 2 99 "$finish";
    %end;
    .thread T_4;
# The file index is used to find the file name in the following table.
:file_names 4;
    "N/A";
    "<interactive>";
    "seq_mult_tb.v";
    "seq_mult.v";
