#! /usr/bin/vvp
:ivl_version "0.9.7 " "(v0_9_7)";
:vpi_time_precision + 0;
:vpi_module "system";
:vpi_module "v2005_math";
:vpi_module "va_math";
S_0x16b0690 .scope module, "alu32" "alu32" 2 1;
 .timescale 0 0;
v0x16b0780_0 .net "op", 5 0, C4<zzzzzz>; 0 drivers
v0x16f2160_0 .net "rv1", 31 0, C4<zzzzzzzzzzzzzzzzzzzzzzzzzzzzzzzz>; 0 drivers
v0x16f2200_0 .net "rv2", 31 0, C4<zzzzzzzzzzzzzzzzzzzzzzzzzzzzzzzz>; 0 drivers
v0x16f22a0_0 .var "rvout", 31 0;
E_0x16b0620 .event edge, v0x16b0780_0;
    .scope S_0x16b0690;
T_0 ;
    %wait E_0x16b0620;
    %load/v 8, v0x16b0780_0, 6;
    %ix/load 0, 32, 0;
    %assign/v0 v0x16f22a0_0, 0, 0;
    %jmp T_0.1;
T_0.1 ;
    %jmp T_0;
    .thread T_0, $push;
# The file index is used to find the file name in the following table.
:file_names 3;
    "N/A";
    "<interactive>";
    "alu32.v";
